The adjacency matrix is: 
0 0 1 1 0 0 0 0 1 0 0 
0 0 0 0 0 0 1 1 0 0 0 
0 0 0 0 0 1 0 0 0 0 1 
0 0 0 0 0 1 0 0 0 0 0 
0 1 0 0 0 0 0 0 1 0 0 
0 0 0 0 0 0 0 0 0 1 0 
0 0 1 0 1 0 0 0 0 0 0 
0 0 0 0 1 0 0 0 0 1 0 
1 0 0 0 0 0 1 0 0 0 0 
1 0 0 0 0 0 0 0 0 0 1 
0 1 0 0 0 0 0 1 0 0 0 

The adjacency matrix after translation is: 
0 0 1 0 0 0 0 0 0 0 0 
0 0 0 1 0 0 0 0 0 0 0 
0 0 0 0 0 0 0 0 1 0 0 
0 0 0 0 0 0 1 0 0 0 0 
0 0 0 0 0 0 0 1 0 0 0 
0 0 0 0 0 1 0 0 0 0 0 
0 0 0 0 0 0 0 0 0 0 1 
0 0 0 0 0 1 0 0 0 0 0 
0 1 0 0 0 0 0 0 0 0 0 
0 0 0 0 0 0 0 0 1 0 0 
0 0 0 0 0 0 0 0 0 1 0 

The number of dfs are: 
1->1
2->5
3->9
4->11
5->4
6->10
7->3
8->6
9->2
10->7
11->8
Spanning tree numbers are:
1 9
9 7
7 5
5 2
2 8
8 10
10 11
7 3
3 6
1 4

The number of bfs are
1->22
2->32
3->25
4->24
5->29
6->27
7->26
8->31
9->23
10->30
11->28
Spanning tree numbers are:
1 9
1 4
1 3
9 7
4 6
3 11
7 5
6 10
11 8
11 2

The indegree of i is 2,the out degree of i is 3,the total degree of i is 5
The indegree of i is 2,the out degree of i is 2,the total degree of i is 4
The indegree of i is 2,the out degree of i is 2,the total degree of i is 4
The indegree of i is 1,the out degree of i is 1,the total degree of i is 2
The indegree of i is 2,the out degree of i is 2,the total degree of i is 4
The indegree of i is 2,the out degree of i is 1,the total degree of i is 3
The indegree of i is 2,the out degree of i is 2,the total degree of i is 4
The indegree of i is 2,the out degree of i is 2,the total degree of i is 4
The indegree of i is 2,the out degree of i is 2,the total degree of i is 4
The indegree of i is 2,the out degree of i is 2,the total degree of i is 4
The indegree of i is 2,the out degree of i is 2,the total degree of i is 4
