Huffman tree node values are:
? 1 j 1 S 2 H 1 " 3 x 3 ” 4 B 2 ™ 5 T 7 â 10 f 53 I 5 w 25   324 t 145 , 15 g 36 a 108 D 1 œ 1 
 16 n 108 ; 1 v 25 e 194 7 3 r 96 u 45 o 146 m 32 y 27 b 22 0 4 k 20 8 2 s 126 € 10 d 48 - 3 h 63 i 121 . 13 l 58 A 2 c 71 5 3 p 37 
The code of ? 10111101000
The code of j 10111101001
The code of S 1011110000
The code of H 10111101010
The code of " 1111100011
The code of x 1111100100
The code of ” 011011010
The code of B 1011110001
The code of ™ 101111011
The code of T 01101100
The code of â 11110000
The code of f 00111
The code of I 111110000
The code of w 1111101
The code of   110
The code of t 1010
The code of , 0110101
The code of g 100111
The code of a 0100
The code of D 10111101011
The code of œ 11111000100
The code of 
 0110111
The code of n 0101
The code of ; 11111000101
The code of v 001100
The code of e 000
The code of 7 1111100101
The code of r 0010
The code of u 111101
The code of o 1110
The code of m 100110
The code of y 001101
The code of b 1111001
The code of 0 011011011
The code of k 1011111
The code of 8 1011110010
The code of s 1000
The code of € 11110001
The code of d 111111
The code of - 1111100110
The code of h 10010
The code of i 0111
The code of . 0110100
The code of l 01100
The code of A 1011110011
The code of c 10110
The code of 5 1111100111
The code of p 101110
16384 9130 The compression ratio is 0.557251
