
0 -> 1 The minimum path is:4
path:0-> 1

0 -> 2 The minimum path is:4
path:0-> 3-> 2

0 -> 3 The minimum path is:1
path:0-> 3

0 -> 4 The minimum path is:8
path:0-> 3-> 4

0 -> 5 The minimum path is:9
path:0-> 6-> 7-> 5

0 -> 6 The minimum path is:4
path:0-> 6

0 -> 7 The minimum path is:5
path:0-> 6-> 7

0 -> 8 The minimum path is:9
path:0-> 6-> 7-> 8

0 -> 9 The minimum path is:11
path:0-> 6-> 9

1 -> 0 The minimum path is:4
path:1-> 0

1 -> 2 The minimum path is:3
path:1-> 2

1 -> 3 The minimum path is:5
path:1-> 0-> 3

1 -> 4 The minimum path is:10
path:1-> 2-> 4

1 -> 5 The minimum path is:8
path:1-> 6-> 7-> 5

1 -> 6 The minimum path is:3
path:1-> 6

1 -> 7 The minimum path is:4
path:1-> 6-> 7

1 -> 8 The minimum path is:8
path:1-> 6-> 7-> 8

1 -> 9 The minimum path is:10
path:1-> 6-> 9

2 -> 0 The minimum path is:2
path:2-> 0

2 -> 1 The minimum path is:6
path:2-> 0-> 1

2 -> 3 The minimum path is:2
path:2-> 3

2 -> 4 The minimum path is:7
path:2-> 4

2 -> 5 The minimum path is:11
path:2-> 0-> 6-> 7-> 5

2 -> 6 The minimum path is:6
path:2-> 0-> 6

2 -> 7 The minimum path is:7
path:2-> 0-> 6-> 7

2 -> 8 The minimum path is:11
path:2-> 0-> 6-> 7-> 8

2 -> 9 The minimum path is:13
path:2-> 0-> 6-> 9

3 -> 0 The minimum path is:5
path:3-> 2-> 0

3 -> 1 The minimum path is:9
path:3-> 2-> 0-> 1

3 -> 2 The minimum path is:3
path:3-> 2

3 -> 4 The minimum path is:7
path:3-> 4

3 -> 5 The minimum path is:14
path:3-> 2-> 0-> 6-> 7-> 5

3 -> 6 The minimum path is:9
path:3-> 2-> 0-> 6

3 -> 7 The minimum path is:10
path:3-> 2-> 0-> 6-> 7

3 -> 8 The minimum path is:14
path:3-> 2-> 0-> 6-> 7-> 8

3 -> 9 The minimum path is:16
path:3-> 2-> 0-> 6-> 9

4 -> 0 The minimum path is:13
path:4-> 5-> 2-> 0

4 -> 1 The minimum path is:17
path:4-> 5-> 2-> 0-> 1

4 -> 2 The minimum path is:11
path:4-> 5-> 2

4 -> 3 The minimum path is:12
path:4-> 5-> 3

4 -> 5 The minimum path is:8
path:4-> 5

4 -> 6 The minimum path is:11
path:4-> 5-> 6

4 -> 7 The minimum path is:6
path:4-> 7

4 -> 8 The minimum path is:10
path:4-> 7-> 8

4 -> 9 The minimum path is:18
path:4-> 5-> 6-> 9

5 -> 0 The minimum path is:5
path:5-> 2-> 0

5 -> 1 The minimum path is:9
path:5-> 2-> 0-> 1

5 -> 2 The minimum path is:3
path:5-> 2

5 -> 3 The minimum path is:4
path:5-> 3

5 -> 4 The minimum path is:9
path:5-> 4

5 -> 6 The minimum path is:3
path:5-> 6

5 -> 7 The minimum path is:4
path:5-> 6-> 7

5 -> 8 The minimum path is:8
path:5-> 6-> 7-> 8

5 -> 9 The minimum path is:10
path:5-> 6-> 9

6 -> 0 The minimum path is:5
path:6-> 0

6 -> 1 The minimum path is:9
path:6-> 0-> 1

6 -> 2 The minimum path is:8
path:6-> 7-> 5-> 2

6 -> 3 The minimum path is:6
path:6-> 0-> 3

6 -> 4 The minimum path is:13
path:6-> 0-> 3-> 4

6 -> 5 The minimum path is:5
path:6-> 7-> 5

6 -> 7 The minimum path is:1
path:6-> 7

6 -> 8 The minimum path is:5
path:6-> 7-> 8

6 -> 9 The minimum path is:7
path:6-> 9

7 -> 0 The minimum path is:9
path:7-> 5-> 2-> 0

7 -> 1 The minimum path is:11
path:7-> 8-> 1

7 -> 2 The minimum path is:7
path:7-> 5-> 2

7 -> 3 The minimum path is:8
path:7-> 5-> 3

7 -> 4 The minimum path is:13
path:7-> 5-> 4

7 -> 5 The minimum path is:4
path:7-> 5

7 -> 6 The minimum path is:7
path:7-> 5-> 6

7 -> 8 The minimum path is:4
path:7-> 8

7 -> 9 The minimum path is:14
path:7-> 5-> 6-> 9

8 -> 0 The minimum path is:11
path:8-> 1-> 0

8 -> 1 The minimum path is:7
path:8-> 1

8 -> 2 The minimum path is:9
path:8-> 5-> 2

8 -> 3 The minimum path is:10
path:8-> 5-> 3

8 -> 4 The minimum path is:15
path:8-> 5-> 4

8 -> 5 The minimum path is:6
path:8-> 5

8 -> 6 The minimum path is:9
path:8-> 5-> 6

8 -> 7 The minimum path is:6
path:8-> 7

8 -> 9 The minimum path is:10
path:8-> 9

9 -> 0 The minimum path is:2
path:9-> 0

9 -> 1 The minimum path is:6
path:9-> 0-> 1

9 -> 2 The minimum path is:6
path:9-> 0-> 3-> 2

9 -> 3 The minimum path is:3
path:9-> 0-> 3

9 -> 4 The minimum path is:10
path:9-> 0-> 3-> 4

9 -> 5 The minimum path is:3
path:9-> 5

9 -> 6 The minimum path is:6
path:9-> 0-> 6

9 -> 7 The minimum path is:7
path:9-> 0-> 6-> 7

9 -> 8 The minimum path is:2
path:9-> 8
